<?xml version="1.0" encoding="UTF-8"?>
<!-- Generated by org.testng.reporters.JUnitReportReporter -->
<testsuite hostname="SSHCITS1NL07" failures="0" tests="4" name="testNG.concepts.TestNGAnnotations" time="0.023" errors="0" timestamp="28 Oct 2020 23:54:23 GMT" skipped="0">
  <testcase classname="testNG.concepts.TestNGAnnotations" name="test_without_priority" time="0.008"/>
  <testcase classname="testNG.concepts.TestNGAnnotations" name="test_one" time="0.004"/>
  <testcase classname="testNG.concepts.TestNGAnnotations" name="test_two" time="0.002"/>
  <testcase classname="testNG.concepts.TestNGAnnotations" name="test_three" time="0.009"/>
</testsuite> <!-- testNG.concepts.TestNGAnnotations -->
