<?xml version="1.0" encoding="UTF-8"?>
<!-- Generated by org.testng.reporters.JUnitReportReporter -->
<testsuite hostname="SSHCITS1NL07" failures="0" tests="2" name="testNG.concepts.TestNGDataDrivenConcepts" time="0.000" errors="0" timestamp="30 Oct 2020 01:35:17 GMT" skipped="2">
  <testcase classname="testNG.concepts.TestNGDataDrivenConcepts" name="dataProviderExample" time="0.000">
    <skipped/>
  </testcase> <!-- dataProviderExample -->
  <testcase classname="testNG.concepts.TestNGDataDrivenConcepts" name="parametersExample">
    <skipped/>
  </testcase> <!-- parametersExample -->
</testsuite> <!-- testNG.concepts.TestNGDataDrivenConcepts -->
