<?xml version="1.0" encoding="UTF-8"?>
<!-- Generated by org.testng.reporters.JUnitReportReporter -->
<testsuite hostname="SSHCITS1NL07" failures="0" tests="1" name="testNG.concepts.TestClass" time="0.051" errors="0" timestamp="05 Nov 2020 02:20:36 GMT" skipped="0">
  <testcase classname="testNG.concepts.TestClass" name="test" time="0.051"/>
</testsuite> <!-- testNG.concepts.TestClass -->
