<?xml version="1.0" encoding="UTF-8"?>
<!-- Generated by org.testng.reporters.JUnitReportReporter -->
<testsuite hostname="SSHCITS1NL07" failures="0" tests="3" name="testNG.concepts.TestNGGroups" time="0.066" errors="0" timestamp="30 Oct 2020 01:35:46 GMT" skipped="0">
  <testcase classname="testNG.concepts.TestNGGroups" name="testSmoke_three" time="0.048"/>
  <testcase classname="testNG.concepts.TestNGGroups" name="testSmoke_two" time="0.008"/>
  <testcase classname="testNG.concepts.TestNGGroups" name="testSmoke" time="0.010"/>
</testsuite> <!-- testNG.concepts.TestNGGroups -->
