<?xml version="1.0" encoding="UTF-8"?>
<!-- Generated by org.testng.reporters.JUnitReportReporter -->
<testsuite hostname="SSHCITS1NL07" failures="0" tests="1" name="testNG.concepts.TestNGPractice" time="17.185" errors="0" timestamp="30 Oct 2020 01:25:37 GMT" skipped="0">
  <testcase classname="testNG.concepts.TestNGPractice" name="navigateToURL" time="17.185"/>
</testsuite> <!-- testNG.concepts.TestNGPractice -->
